[0m05:34:46.246605 [debug] [MainThread]: Sending event: {'category': 'dbt', 'action': 'invocation', 'label': 'start', 'context': [<snowplow_tracker.self_describing_json.SelfDescribingJson object at 0x000001D3525956D0>, <snowplow_tracker.self_describing_json.SelfDescribingJson object at 0x000001D356060D40>, <snowplow_tracker.self_describing_json.SelfDescribingJson object at 0x000001D35344CC50>]}


============================== 05:34:46.252166 | 977f7d46-f76b-43aa-b6c5-96bb169bc13d ==============================
[0m05:34:46.252166 [info ] [MainThread]: Running with dbt=1.10.13
[0m05:34:46.253287 [debug] [MainThread]: running dbt with arguments {'partial_parse': 'True', 'profiles_dir': 'C:\\Users\\scott\\.dbt', 'send_anonymous_usage_stats': 'True', 'warn_error': 'None', 'cache_selected_only': 'False', 'target_path': 'None', 'version_check': 'True', 'invocation_command': 'dbt init', 'log_format': 'default', 'use_colors': 'True', 'introspect': 'True', 'debug': 'False', 'log_cache_events': 'False', 'fail_fast': 'False', 'no_print': 'None', 'use_experimental_parser': 'False', 'empty': 'None', 'quiet': 'False', 'printer_width': '80', 'indirect_selection': 'eager', 'log_path': 'logs', 'write_json': 'True', 'static_parser': 'True', 'warn_error_options': 'WarnErrorOptionsV2(error=[], warn=[], silence=[])'}
[0m05:34:52.321528 [debug] [MainThread]: Starter project path: C:\project\fec\.venv\Lib\site-packages\dbt\include\starter_project
[0m05:34:52.335687 [info ] [MainThread]: 
Your new dbt project "transform" was created!

For more information on how to configure the profiles.yml file,
please consult the dbt documentation here:

  https://docs.getdbt.com/docs/configure-your-profile

One more thing:

Need help? Don't hesitate to reach out to us via GitHub issues or on Slack:

  https://community.getdbt.com/

Happy modeling!

[0m05:34:52.335687 [info ] [MainThread]: Setting up your profile.
[0m05:36:47.926164 [info ] [MainThread]: Profile transform written to C:\Users\scott\.dbt\profiles.yml using target's profile_template.yml and your supplied values. Run 'dbt debug' to validate the connection.
[0m05:36:47.927167 [debug] [MainThread]: Command `dbt init` succeeded at 05:36:47.927167 after 121.93 seconds
[0m05:36:47.928164 [debug] [MainThread]: Sending event: {'category': 'dbt', 'action': 'invocation', 'label': 'end', 'context': [<snowplow_tracker.self_describing_json.SelfDescribingJson object at 0x000001D356322990>, <snowplow_tracker.self_describing_json.SelfDescribingJson object at 0x000001D35877CDA0>, <snowplow_tracker.self_describing_json.SelfDescribingJson object at 0x000001D35673BFB0>]}
[0m05:36:47.928164 [debug] [MainThread]: Flushing usage events
[0m05:36:49.009671 [debug] [MainThread]: An error was encountered while trying to flush usage events
[0m05:37:12.152873 [debug] [MainThread]: Sending event: {'category': 'dbt', 'action': 'invocation', 'label': 'start', 'context': [<snowplow_tracker.self_describing_json.SelfDescribingJson object at 0x0000022544058BC0>, <snowplow_tracker.self_describing_json.SelfDescribingJson object at 0x00000225441E3BF0>, <snowplow_tracker.self_describing_json.SelfDescribingJson object at 0x00000225444ED400>]}


============================== 05:37:12.159119 | 82cdcb3a-4986-4f7c-baeb-373b08c3e506 ==============================
[0m05:37:12.159119 [info ] [MainThread]: Running with dbt=1.10.13
[0m05:37:12.160119 [debug] [MainThread]: running dbt with arguments {'partial_parse': 'True', 'warn_error_options': 'WarnErrorOptionsV2(error=[], warn=[], silence=[])', 'send_anonymous_usage_stats': 'True', 'version_check': 'True', 'cache_selected_only': 'False', 'target_path': 'None', 'warn_error': 'None', 'invocation_command': 'dbt debug', 'log_format': 'default', 'use_colors': 'True', 'introspect': 'True', 'debug': 'False', 'printer_width': '80', 'fail_fast': 'False', 'no_print': 'None', 'empty': 'None', 'quiet': 'False', 'log_cache_events': 'False', 'use_experimental_parser': 'False', 'log_path': 'logs', 'indirect_selection': 'eager', 'profiles_dir': 'C:\\Users\\scott\\.dbt', 'static_parser': 'True', 'write_json': 'True'}
[0m05:37:12.186907 [info ] [MainThread]: dbt version: 1.10.13
[0m05:37:12.187907 [info ] [MainThread]: python version: 3.12.11
[0m05:37:12.187907 [info ] [MainThread]: python path: C:\project\fec\.venv\Scripts\python.exe
[0m05:37:12.188908 [info ] [MainThread]: os info: Windows-11-10.0.26120-SP0
[0m05:37:12.565261 [info ] [MainThread]: Using profiles dir at C:\Users\scott\.dbt
[0m05:37:12.566262 [info ] [MainThread]: Using profiles.yml file at C:\Users\scott\.dbt\profiles.yml
[0m05:37:12.567235 [info ] [MainThread]: Using dbt_project.yml file at C:\project\fec\dbt_project.yml
[0m05:37:12.568231 [info ] [MainThread]: adapter type: snowflake
[0m05:37:12.568231 [info ] [MainThread]: adapter version: 1.10.2
[0m05:37:12.569236 [info ] [MainThread]: Configuration:
[0m05:37:12.569805 [info ] [MainThread]:   profiles.yml file [[32mOK found and valid[0m]
[0m05:37:12.569805 [info ] [MainThread]:   dbt_project.yml file [[31mERROR not found[0m]
[0m05:37:12.570813 [info ] [MainThread]: Required dependencies:
[0m05:37:12.570813 [debug] [MainThread]: Executing "git --help"
[0m05:37:12.653283 [debug] [MainThread]: STDOUT: "b"usage: git [--version] [--help] [-C <path>] [-c <name>=<value>]\n           [--exec-path[=<path>]] [--html-path] [--man-path] [--info-path]\n           [-p | --paginate | -P | --no-pager] [--no-replace-objects] [--bare]\n           [--git-dir=<path>] [--work-tree=<path>] [--namespace=<name>]\n           <command> [<args>]\n\nThese are common Git commands used in various situations:\n\nstart a working area (see also: git help tutorial)\n   clone             Clone a repository into a new directory\n   init              Create an empty Git repository or reinitialize an existing one\n\nwork on the current change (see also: git help everyday)\n   add               Add file contents to the index\n   mv                Move or rename a file, a directory, or a symlink\n   restore           Restore working tree files\n   rm                Remove files from the working tree and from the index\n   sparse-checkout   Initialize and modify the sparse-checkout\n\nexamine the history and state (see also: git help revisions)\n   bisect            Use binary search to find the commit that introduced a bug\n   diff              Show changes between commits, commit and working tree, etc\n   grep              Print lines matching a pattern\n   log               Show commit logs\n   show              Show various types of objects\n   status            Show the working tree status\n\ngrow, mark and tweak your common history\n   branch            List, create, or delete branches\n   commit            Record changes to the repository\n   merge             Join two or more development histories together\n   rebase            Reapply commits on top of another base tip\n   reset             Reset current HEAD to the specified state\n   switch            Switch branches\n   tag               Create, list, delete or verify a tag object signed with GPG\n\ncollaborate (see also: git help workflows)\n   fetch             Download objects and refs from another repository\n   pull              Fetch from and integrate with another repository or a local branch\n   push              Update remote refs along with associated objects\n\n'git help -a' and 'git help -g' list available subcommands and some\nconcept guides. See 'git help <command>' or 'git help <concept>'\nto read about a specific subcommand or concept.\nSee 'git help git' for an overview of the system.\n""
[0m05:37:12.653283 [debug] [MainThread]: STDERR: "b''"
[0m05:37:12.653283 [info ] [MainThread]:  - git [[32mOK found[0m]

[0m05:37:12.654286 [info ] [MainThread]: Connection:
[0m05:37:12.655015 [info ] [MainThread]:   account: WEWALKS-CLC40188
[0m05:37:12.655015 [info ] [MainThread]:   user: SCOTTMCKISSOCK
[0m05:37:12.656022 [info ] [MainThread]:   database: FEC
[0m05:37:12.656022 [info ] [MainThread]:   warehouse: SNOWFLAKE_LEARNING_WH
[0m05:37:12.656022 [info ] [MainThread]:   role: SNOWFLAKE_LEARNING_ROLE
[0m05:37:12.657023 [info ] [MainThread]:   schema: RAW
[0m05:37:12.657023 [info ] [MainThread]:   authenticator: None
[0m05:37:12.658053 [info ] [MainThread]:   oauth_client_id: None
[0m05:37:12.658053 [info ] [MainThread]:   query_tag: None
[0m05:37:12.659055 [info ] [MainThread]:   client_session_keep_alive: False
[0m05:37:12.659055 [info ] [MainThread]:   host: None
[0m05:37:12.659055 [info ] [MainThread]:   port: None
[0m05:37:12.660023 [info ] [MainThread]:   proxy_host: None
[0m05:37:12.660023 [info ] [MainThread]:   proxy_port: None
[0m05:37:12.661063 [info ] [MainThread]:   protocol: None
[0m05:37:12.661063 [info ] [MainThread]:   connect_retries: 1
[0m05:37:12.662060 [info ] [MainThread]:   connect_timeout: None
[0m05:37:12.662060 [info ] [MainThread]:   retry_on_database_errors: False
[0m05:37:12.662060 [info ] [MainThread]:   retry_all: False
[0m05:37:12.663060 [info ] [MainThread]:   insecure_mode: False
[0m05:37:12.663060 [info ] [MainThread]:   reuse_connections: True
[0m05:37:12.664059 [info ] [MainThread]:   s3_stage_vpce_dns_name: None
[0m05:37:12.664059 [info ] [MainThread]: Registered adapter: snowflake=1.10.2
[0m05:37:13.047976 [debug] [MainThread]: Acquiring new snowflake connection 'debug'
[0m05:37:15.312941 [debug] [MainThread]: Using snowflake connection "debug"
[0m05:37:15.312941 [debug] [MainThread]: On debug: select 1 as id
[0m05:37:15.312941 [debug] [MainThread]: Opening a new connection, currently in state init
[0m05:37:19.377418 [debug] [MainThread]: Snowflake adapter: Error running SQL: select 1 as id
[0m05:37:19.377418 [debug] [MainThread]: Snowflake adapter: Rolling back transaction.
[0m05:37:19.378440 [info ] [MainThread]:   Connection test: [[31mERROR[0m]

[0m05:37:19.378440 [info ] [MainThread]: [31m2 checks failed:[0m
[0m05:37:19.379421 [info ] [MainThread]: Project loading failed for the following reason:
 project path <C:\project\fec\dbt_project.yml> not found

[0m05:37:19.379421 [info ] [MainThread]: dbt was unable to connect to the specified database.
The database returned the following error:

  >Database Error
  250001 (08001): Failed to connect to DB: WEWALKS-CLC40188.snowflakecomputing.com:443. Incorrect username or password was specified.

Check your database credentials and try again. For more information, visit:
https://docs.getdbt.com/docs/configure-your-profile


[0m05:37:19.380285 [debug] [MainThread]: Command `dbt debug` failed at 05:37:19.380285 after 7.49 seconds
[0m05:37:19.380285 [debug] [MainThread]: Connection 'debug' was left open.
[0m05:37:19.381291 [debug] [MainThread]: On debug: No close available on handle
[0m05:37:19.381291 [debug] [MainThread]: Sending event: {'category': 'dbt', 'action': 'invocation', 'label': 'end', 'context': [<snowplow_tracker.self_describing_json.SelfDescribingJson object at 0x000002254428BE00>, <snowplow_tracker.self_describing_json.SelfDescribingJson object at 0x0000022543BF7620>, <snowplow_tracker.self_describing_json.SelfDescribingJson object at 0x00000225440216D0>]}
[0m05:37:19.381291 [debug] [MainThread]: Flushing usage events
[0m05:37:19.966098 [debug] [MainThread]: An error was encountered while trying to flush usage events
